<?xml version="1.0" encoding="UTF-8"?>
<Site BuildName="Win32-ninja"
	BuildStamp="20260925-0340-Experimental"
	Name="aiden"
	Generator="ctest-3.31.2"
	CompilerName="C:/msys64/ucrt64/bin/c++.exe"
	CompilerVersion="14.2.0"
	OSName="Windows"
	Hostname="aiden"
	OSRelease=" Personal"
	OSVersion=" (Build 26200)"
	OSPlatform="AMD64"
	Is64Bits="1"
	VendorString=""
	VendorID="Unknown Manufacturer"
	FamilyID="0"
	ModelID="0"
	ModelName=""
	ProcessorCacheSize="0"
	NumberOfLogicalCPU="20"
	NumberOfPhysicalCPU="10"
	TotalVirtualMemory="49471"
	TotalPhysicalMemory="32063"
	LogicalProcessorsPerPhysical="2"
	ProcessorClockFrequency="1996"
	>
	<Testing>
		<StartDateTime>Sep 24 23:01 Central Daylight Time</StartDateTime>
		<StartTestTime>1790308894</StartTestTime>
		<TestList/>
		<EndDateTime>Sep 24 23:01 Central Daylight Time</EndDateTime>
		<EndTestTime>1790308894</EndTestTime>
		<ElapsedMinutes>0</ElapsedMinutes>
	</Testing>
</Site>
